{"/Users/terje/repos/markdown-viewer/src/file-manager.ts": {"path":"/Users/terje/repos/markdown-viewer/src/file-manager.ts","statementMap":{"0":{"start":{"line":5,"column":8},"end":{"line":5,"column":45}},"1":{"start":{"line":6,"column":8},"end":{"line":16,"column":9}},"2":{"start":{"line":7,"column":12},"end":{"line":7,"column":70}},"3":{"start":{"line":9,"column":27},"end":{"line":9,"column":102}},"4":{"start":{"line":10,"column":12},"end":{"line":10,"column":50}},"5":{"start":{"line":11,"column":12},"end":{"line":11,"column":26}},"6":{"start":{"line":13,"column":12},"end":{"line":13,"column":63}},"7":{"start":{"line":14,"column":12},"end":{"line":14,"column":57}},"8":{"start":{"line":15,"column":12},"end":{"line":15,"column":24}},"9":{"start":{"line":20,"column":8},"end":{"line":27,"column":9}},"10":{"start":{"line":21,"column":12},"end":{"line":21,"column":47}},"11":{"start":{"line":22,"column":28},"end":{"line":22,"column":107}},"12":{"start":{"line":23,"column":12},"end":{"line":23,"column":27}},"13":{"start":{"line":25,"column":12},"end":{"line":25,"column":56}},"14":{"start":{"line":26,"column":12},"end":{"line":26,"column":61}},"15":{"start":{"line":31,"column":8},"end":{"line":36,"column":9}},"16":{"start":{"line":32,"column":12},"end":{"line":32,"column":95}},"17":{"start":{"line":34,"column":12},"end":{"line":34,"column":76}},"18":{"start":{"line":35,"column":12},"end":{"line":35,"column":25}},"19":{"start":{"line":40,"column":8},"end":{"line":44,"column":9}},"20":{"start":{"line":41,"column":12},"end":{"line":41,"column":89}},"21":{"start":{"line":43,"column":12},"end":{"line":43,"column":70}},"22":{"start":{"line":48,"column":8},"end":{"line":48,"column":59}},"23":{"start":{"line":52,"column":8},"end":{"line":56,"column":10}},"24":{"start":{"line":3,"column":0},"end":{"line":3,"column":13}}},"fnMap":{"0":{"name":"(anonymous_0)","decl":{"start":{"line":4,"column":4},"end":{"line":4,"column":9}},"loc":{"start":{"line":4,"column":24},"end":{"line":17,"column":5}}},"1":{"name":"(anonymous_1)","decl":{"start":{"line":19,"column":4},"end":{"line":19,"column":9}},"loc":{"start":{"line":19,"column":31},"end":{"line":28,"column":5}}},"2":{"name":"(anonymous_2)","decl":{"start":{"line":30,"column":4},"end":{"line":30,"column":9}},"loc":{"start":{"line":30,"column":43},"end":{"line":37,"column":5}}},"3":{"name":"(anonymous_3)","decl":{"start":{"line":39,"column":4},"end":{"line":39,"column":9}},"loc":{"start":{"line":39,"column":45},"end":{"line":45,"column":5}}},"4":{"name":"(anonymous_4)","decl":{"start":{"line":47,"column":4},"end":{"line":47,"column":15}},"loc":{"start":{"line":47,"column":28},"end":{"line":49,"column":5}}},"5":{"name":"(anonymous_5)","decl":{"start":{"line":51,"column":4},"end":{"line":51,"column":15}},"loc":{"start":{"line":51,"column":28},"end":{"line":57,"column":5}}}},"branchMap":{"0":{"loc":{"start":{"line":48,"column":15},"end":{"line":48,"column":58}},"type":"binary-expr","locations":[{"start":{"line":48,"column":15},"end":{"line":48,"column":40}},{"start":{"line":48,"column":44},"end":{"line":48,"column":58}}]}},"s":{"0":3,"1":3,"2":3,"3":3,"4":2,"5":2,"6":1,"7":1,"8":1,"9":3,"10":3,"11":3,"12":2,"13":1,"14":1,"15":3,"16":3,"17":1,"18":1,"19":2,"20":2,"21":1,"22":10,"23":3,"24":1},"f":{"0":3,"1":3,"2":3,"3":2,"4":10,"5":3},"b":{"0":[10,3]}}
,"/Users/terje/repos/markdown-viewer/src/main.ts": {"path":"/Users/terje/repos/markdown-viewer/src/main.ts","statementMap":{"0":{"start":{"line":1,"column":0},"end":{"line":1,"column":58}},"1":{"start":{"line":2,"column":0},"end":{"line":2,"column":48}},"2":{"start":{"line":3,"column":0},"end":{"line":3,"column":60}},"3":{"start":{"line":19,"column":8},"end":{"line":19,"column":60}},"4":{"start":{"line":20,"column":8},"end":{"line":20,"column":47}},"5":{"start":{"line":21,"column":8},"end":{"line":21,"column":45}},"6":{"start":{"line":22,"column":8},"end":{"line":22,"column":57}},"7":{"start":{"line":24,"column":8},"end":{"line":34,"column":10}},"8":{"start":{"line":36,"column":8},"end":{"line":36,"column":34}},"9":{"start":{"line":37,"column":8},"end":{"line":37,"column":26}},"10":{"start":{"line":38,"column":8},"end":{"line":38,"column":36}},"11":{"start":{"line":42,"column":8},"end":{"line":42,"column":75}},"12":{"start":{"line":43,"column":8},"end":{"line":43,"column":66}},"13":{"start":{"line":44,"column":8},"end":{"line":44,"column":89}},"14":{"start":{"line":45,"column":8},"end":{"line":45,"column":99}},"15":{"start":{"line":49,"column":8},"end":{"line":49,"column":41}},"16":{"start":{"line":50,"column":8},"end":{"line":50,"column":59}},"17":{"start":{"line":51,"column":8},"end":{"line":54,"column":11}},"18":{"start":{"line":52,"column":12},"end":{"line":52,"column":53}},"19":{"start":{"line":53,"column":12},"end":{"line":53,"column":28}},"20":{"start":{"line":57,"column":8},"end":{"line":72,"column":11}},"21":{"start":{"line":58,"column":12},"end":{"line":61,"column":13}},"22":{"start":{"line":59,"column":16},"end":{"line":59,"column":35}},"23":{"start":{"line":60,"column":16},"end":{"line":60,"column":32}},"24":{"start":{"line":62,"column":12},"end":{"line":67,"column":13}},"25":{"start":{"line":63,"column":16},"end":{"line":63,"column":35}},"26":{"start":{"line":64,"column":16},"end":{"line":66,"column":17}},"27":{"start":{"line":65,"column":20},"end":{"line":65,"column":45}},"28":{"start":{"line":68,"column":12},"end":{"line":71,"column":13}},"29":{"start":{"line":69,"column":16},"end":{"line":69,"column":35}},"30":{"start":{"line":70,"column":16},"end":{"line":70,"column":43}},"31":{"start":{"line":75,"column":8},"end":{"line":75,"column":35}},"32":{"start":{"line":79,"column":8},"end":{"line":87,"column":9}},"33":{"start":{"line":80,"column":25},"end":{"line":80,"column":91}},"34":{"start":{"line":81,"column":12},"end":{"line":84,"column":13}},"35":{"start":{"line":82,"column":33},"end":{"line":82,"column":40}},"36":{"start":{"line":83,"column":16},"end":{"line":83,"column":46}},"37":{"start":{"line":86,"column":12},"end":{"line":86,"column":74}},"38":{"start":{"line":91,"column":8},"end":{"line":91,"column":46}},"39":{"start":{"line":92,"column":8},"end":{"line":107,"column":9}},"40":{"start":{"line":93,"column":12},"end":{"line":93,"column":65}},"41":{"start":{"line":94,"column":29},"end":{"line":94,"column":68}},"42":{"start":{"line":95,"column":12},"end":{"line":104,"column":13}},"43":{"start":{"line":97,"column":36},"end":{"line":97,"column":89}},"44":{"start":{"line":98,"column":16},"end":{"line":101,"column":17}},"45":{"start":{"line":99,"column":20},"end":{"line":99,"column":76}},"46":{"start":{"line":100,"column":20},"end":{"line":100,"column":27}},"47":{"start":{"line":103,"column":16},"end":{"line":103,"column":46}},"48":{"start":{"line":106,"column":12},"end":{"line":106,"column":60}},"49":{"start":{"line":111,"column":8},"end":{"line":111,"column":27}},"50":{"start":{"line":113,"column":8},"end":{"line":132,"column":9}},"51":{"start":{"line":114,"column":28},"end":{"line":114,"column":69}},"52":{"start":{"line":115,"column":29},"end":{"line":115,"column":67}},"53":{"start":{"line":117,"column":12},"end":{"line":117,"column":46}},"54":{"start":{"line":118,"column":12},"end":{"line":118,"column":45}},"55":{"start":{"line":120,"column":12},"end":{"line":120,"column":46}},"56":{"start":{"line":121,"column":12},"end":{"line":121,"column":36}},"57":{"start":{"line":124,"column":12},"end":{"line":128,"column":13}},"58":{"start":{"line":125,"column":16},"end":{"line":125,"column":97}},"59":{"start":{"line":127,"column":16},"end":{"line":127,"column":72}},"60":{"start":{"line":131,"column":12},"end":{"line":131,"column":60}},"61":{"start":{"line":136,"column":8},"end":{"line":139,"column":9}},"62":{"start":{"line":137,"column":12},"end":{"line":137,"column":119}},"63":{"start":{"line":138,"column":12},"end":{"line":138,"column":19}},"64":{"start":{"line":141,"column":28},"end":{"line":141,"column":57}},"65":{"start":{"line":142,"column":8},"end":{"line":142,"column":52}},"66":{"start":{"line":145,"column":8},"end":{"line":145,"column":82}},"67":{"start":{"line":148,"column":8},"end":{"line":148,"column":54}},"68":{"start":{"line":151,"column":8},"end":{"line":151,"column":42}},"69":{"start":{"line":155,"column":8},"end":{"line":155,"column":61}},"70":{"start":{"line":156,"column":8},"end":{"line":156,"column":55}},"71":{"start":{"line":159,"column":8},"end":{"line":159,"column":62}},"72":{"start":{"line":163,"column":8},"end":{"line":168,"column":10}},"73":{"start":{"line":172,"column":8},"end":{"line":176,"column":10}},"74":{"start":{"line":180,"column":8},"end":{"line":182,"column":9}},"75":{"start":{"line":181,"column":12},"end":{"line":181,"column":56}},"76":{"start":{"line":186,"column":29},"end":{"line":186,"column":58}},"77":{"start":{"line":187,"column":8},"end":{"line":187,"column":50}},"78":{"start":{"line":188,"column":8},"end":{"line":192,"column":10}},"79":{"start":{"line":193,"column":8},"end":{"line":193,"column":48}},"80":{"start":{"line":197,"column":29},"end":{"line":197,"column":70}},"81":{"start":{"line":198,"column":8},"end":{"line":204,"column":9}},"82":{"start":{"line":199,"column":12},"end":{"line":199,"column":50}},"83":{"start":{"line":201,"column":12},"end":{"line":203,"column":21}},"84":{"start":{"line":202,"column":16},"end":{"line":202,"column":54}},"85":{"start":{"line":209,"column":0},"end":{"line":209,"column":72}},"86":{"start":{"line":211,"column":0},"end":{"line":214,"column":3}},"87":{"start":{"line":212,"column":4},"end":{"line":212,"column":48}},"88":{"start":{"line":213,"column":4},"end":{"line":213,"column":28}},"89":{"start":{"line":217,"column":0},"end":{"line":226,"column":1}},"90":{"start":{"line":218,"column":4},"end":{"line":218,"column":65}},"91":{"start":{"line":219,"column":4},"end":{"line":222,"column":7}},"92":{"start":{"line":220,"column":8},"end":{"line":220,"column":73}},"93":{"start":{"line":221,"column":8},"end":{"line":221,"column":32}},"94":{"start":{"line":224,"column":4},"end":{"line":224,"column":69}},"95":{"start":{"line":225,"column":4},"end":{"line":225,"column":28}}},"fnMap":{"0":{"name":"(anonymous_0)","decl":{"start":{"line":18,"column":4},"end":{"line":18,"column":null}},"loc":{"start":{"line":18,"column":4},"end":{"line":39,"column":5}}},"1":{"name":"(anonymous_1)","decl":{"start":{"line":41,"column":12},"end":{"line":41,"column":30}},"loc":{"start":{"line":41,"column":30},"end":{"line":46,"column":5}}},"2":{"name":"(anonymous_2)","decl":{"start":{"line":48,"column":12},"end":{"line":48,"column":22}},"loc":{"start":{"line":48,"column":22},"end":{"line":76,"column":5}}},"3":{"name":"(anonymous_3)","decl":{"start":{"line":51,"column":51},"end":{"line":51,"column":54}},"loc":{"start":{"line":51,"column":56},"end":{"line":54,"column":9}}},"4":{"name":"(anonymous_4)","decl":{"start":{"line":57,"column":45},"end":{"line":57,"column":46}},"loc":{"start":{"line":57,"column":51},"end":{"line":72,"column":9}}},"5":{"name":"(anonymous_5)","decl":{"start":{"line":78,"column":12},"end":{"line":78,"column":17}},"loc":{"start":{"line":78,"column":38},"end":{"line":88,"column":5}}},"6":{"name":"(anonymous_6)","decl":{"start":{"line":90,"column":12},"end":{"line":90,"column":17}},"loc":{"start":{"line":90,"column":26},"end":{"line":108,"column":5}}},"7":{"name":"(anonymous_7)","decl":{"start":{"line":110,"column":12},"end":{"line":110,"column":17}},"loc":{"start":{"line":110,"column":43},"end":{"line":133,"column":5}}},"8":{"name":"(anonymous_8)","decl":{"start":{"line":135,"column":12},"end":{"line":135,"column":17}},"loc":{"start":{"line":135,"column":47},"end":{"line":152,"column":5}}},"9":{"name":"(anonymous_9)","decl":{"start":{"line":154,"column":12},"end":{"line":154,"column":20}},"loc":{"start":{"line":154,"column":61},"end":{"line":160,"column":5}}},"10":{"name":"(anonymous_10)","decl":{"start":{"line":162,"column":12},"end":{"line":162,"column":21}},"loc":{"start":{"line":162,"column":37},"end":{"line":169,"column":5}}},"11":{"name":"(anonymous_11)","decl":{"start":{"line":171,"column":12},"end":{"line":171,"column":23}},"loc":{"start":{"line":171,"column":23},"end":{"line":177,"column":5}}},"12":{"name":"(anonymous_12)","decl":{"start":{"line":179,"column":12},"end":{"line":179,"column":17}},"loc":{"start":{"line":179,"column":35},"end":{"line":183,"column":5}}},"13":{"name":"(anonymous_13)","decl":{"start":{"line":185,"column":12},"end":{"line":185,"column":31}},"loc":{"start":{"line":185,"column":31},"end":{"line":194,"column":5}}},"14":{"name":"(anonymous_14)","decl":{"start":{"line":196,"column":12},"end":{"line":196,"column":31}},"loc":{"start":{"line":196,"column":31},"end":{"line":205,"column":5}}},"15":{"name":"(anonymous_15)","decl":{"start":{"line":201,"column":23},"end":{"line":201,"column":26}},"loc":{"start":{"line":201,"column":28},"end":{"line":203,"column":13}}},"16":{"name":"(anonymous_16)","decl":{"start":{"line":211,"column":46},"end":{"line":211,"column":49}},"loc":{"start":{"line":211,"column":51},"end":{"line":214,"column":1}}},"17":{"name":"(anonymous_17)","decl":{"start":{"line":219,"column":50},"end":{"line":219,"column":53}},"loc":{"start":{"line":219,"column":55},"end":{"line":222,"column":5}}}},"branchMap":{"0":{"loc":{"start":{"line":58,"column":12},"end":{"line":61,"column":13}},"type":"if","locations":[{"start":{"line":58,"column":12},"end":{"line":61,"column":13}}]},"1":{"loc":{"start":{"line":58,"column":16},"end":{"line":58,"column":57}},"type":"binary-expr","locations":[{"start":{"line":58,"column":17},"end":{"line":58,"column":26}},{"start":{"line":58,"column":30},"end":{"line":58,"column":39}},{"start":{"line":58,"column":44},"end":{"line":58,"column":57}}]},"2":{"loc":{"start":{"line":62,"column":12},"end":{"line":67,"column":13}},"type":"if","locations":[{"start":{"line":62,"column":12},"end":{"line":67,"column":13}}]},"3":{"loc":{"start":{"line":64,"column":16},"end":{"line":66,"column":17}},"type":"if","locations":[{"start":{"line":64,"column":16},"end":{"line":66,"column":17}}]},"4":{"loc":{"start":{"line":68,"column":12},"end":{"line":71,"column":13}},"type":"if","locations":[{"start":{"line":68,"column":12},"end":{"line":71,"column":13}}]},"5":{"loc":{"start":{"line":68,"column":16},"end":{"line":68,"column":43}},"type":"binary-expr","locations":[{"start":{"line":68,"column":16},"end":{"line":68,"column":29}},{"start":{"line":68,"column":33},"end":{"line":68,"column":43}}]},"6":{"loc":{"start":{"line":81,"column":12},"end":{"line":84,"column":13}},"type":"if","locations":[{"start":{"line":81,"column":12},"end":{"line":84,"column":13}}]},"7":{"loc":{"start":{"line":81,"column":16},"end":{"line":81,"column":62}},"type":"binary-expr","locations":[{"start":{"line":81,"column":16},"end":{"line":81,"column":20}},{"start":{"line":81,"column":24},"end":{"line":81,"column":43}},{"start":{"line":81,"column":47},"end":{"line":81,"column":62}}]},"8":{"loc":{"start":{"line":95,"column":12},"end":{"line":104,"column":13}},"type":"if","locations":[{"start":{"line":95,"column":12},"end":{"line":104,"column":13}}]},"9":{"loc":{"start":{"line":98,"column":16},"end":{"line":101,"column":17}},"type":"if","locations":[{"start":{"line":98,"column":16},"end":{"line":101,"column":17}}]},"10":{"loc":{"start":{"line":136,"column":8},"end":{"line":139,"column":9}},"type":"if","locations":[{"start":{"line":136,"column":8},"end":{"line":139,"column":9}}]},"11":{"loc":{"start":{"line":180,"column":8},"end":{"line":182,"column":9}},"type":"if","locations":[{"start":{"line":180,"column":8},"end":{"line":182,"column":9}}]},"12":{"loc":{"start":{"line":198,"column":8},"end":{"line":204,"column":9}},"type":"if","locations":[{"start":{"line":198,"column":8},"end":{"line":204,"column":9}}]},"13":{"loc":{"start":{"line":217,"column":0},"end":{"line":226,"column":1}},"type":"if","locations":[{"start":{"line":217,"column":0},"end":{"line":226,"column":1}},{"start":{"line":223,"column":7},"end":{"line":226,"column":1}}]}},"s":{"0":0,"1":0,"2":0,"3":0,"4":0,"5":0,"6":0,"7":0,"8":0,"9":0,"10":0,"11":0,"12":0,"13":0,"14":0,"15":0,"16":0,"17":0,"18":0,"19":0,"20":0,"21":0,"22":0,"23":0,"24":0,"25":0,"26":0,"27":0,"28":0,"29":0,"30":0,"31":0,"32":0,"33":0,"34":0,"35":0,"36":0,"37":0,"38":0,"39":0,"40":0,"41":0,"42":0,"43":0,"44":0,"45":0,"46":0,"47":0,"48":0,"49":0,"50":0,"51":0,"52":0,"53":0,"54":0,"55":0,"56":0,"57":0,"58":0,"59":0,"60":0,"61":0,"62":0,"63":0,"64":0,"65":0,"66":0,"67":0,"68":0,"69":0,"70":0,"71":0,"72":0,"73":0,"74":0,"75":0,"76":0,"77":0,"78":0,"79":0,"80":0,"81":0,"82":0,"83":0,"84":0,"85":0,"86":0,"87":0,"88":0,"89":0,"90":0,"91":0,"92":0,"93":0,"94":0,"95":0},"f":{"0":0,"1":0,"2":0,"3":0,"4":0,"5":0,"6":0,"7":0,"8":0,"9":0,"10":0,"11":0,"12":0,"13":0,"14":0,"15":0,"16":0,"17":0},"b":{"0":[0],"1":[0,0,0],"2":[0],"3":[0],"4":[0],"5":[0,0],"6":[0],"7":[0,0,0],"8":[0],"9":[0],"10":[0],"11":[0],"12":[0],"13":[0,0]}}
,"/Users/terje/repos/markdown-viewer/src/markdown-renderer.ts": {"path":"/Users/terje/repos/markdown-viewer/src/markdown-renderer.ts","statementMap":{"0":{"start":{"line":1,"column":0},"end":{"line":1,"column":37}},"1":{"start":{"line":7,"column":8},"end":{"line":19,"column":11}},"2":{"start":{"line":14,"column":16},"end":{"line":16,"column":17}},"3":{"start":{"line":15,"column":20},"end":{"line":15,"column":127}},"4":{"start":{"line":17,"column":16},"end":{"line":17,"column":73}},"5":{"start":{"line":23,"column":47},"end":{"line":29,"column":10}},"6":{"start":{"line":30,"column":8},"end":{"line":30,"column":55}},"7":{"start":{"line":30,"column":47},"end":{"line":30,"column":53}},"8":{"start":{"line":34,"column":8},"end":{"line":39,"column":9}},"9":{"start":{"line":35,"column":12},"end":{"line":35,"column":43}},"10":{"start":{"line":37,"column":12},"end":{"line":37,"column":62}},"11":{"start":{"line":38,"column":12},"end":{"line":38,"column":81}},"12":{"start":{"line":43,"column":8},"end":{"line":48,"column":9}},"13":{"start":{"line":44,"column":12},"end":{"line":44,"column":49}},"14":{"start":{"line":46,"column":12},"end":{"line":46,"column":69}},"15":{"start":{"line":47,"column":12},"end":{"line":47,"column":27}},"16":{"start":{"line":3,"column":0},"end":{"line":3,"column":13}}},"fnMap":{"0":{"name":"(anonymous_1)","decl":{"start":{"line":6,"column":4},"end":{"line":6,"column":null}},"loc":{"start":{"line":6,"column":4},"end":{"line":20,"column":5}}},"1":{"name":"(anonymous_2)","decl":{"start":{"line":12,"column":23},"end":{"line":12,"column":24}},"loc":{"start":{"line":12,"column":37},"end":{"line":18,"column":13}}},"2":{"name":"(anonymous_3)","decl":{"start":{"line":22,"column":12},"end":{"line":22,"column":22}},"loc":{"start":{"line":22,"column":35},"end":{"line":31,"column":5}}},"3":{"name":"(anonymous_4)","decl":{"start":{"line":30,"column":40},"end":{"line":30,"column":41}},"loc":{"start":{"line":30,"column":47},"end":{"line":30,"column":53}}},"4":{"name":"(anonymous_5)","decl":{"start":{"line":33,"column":4},"end":{"line":33,"column":10}},"loc":{"start":{"line":33,"column":26},"end":{"line":40,"column":5}}},"5":{"name":"(anonymous_6)","decl":{"start":{"line":42,"column":4},"end":{"line":42,"column":16}},"loc":{"start":{"line":42,"column":32},"end":{"line":49,"column":5}}}},"branchMap":{"0":{"loc":{"start":{"line":14,"column":16},"end":{"line":16,"column":17}},"type":"if","locations":[{"start":{"line":14,"column":16},"end":{"line":16,"column":17}}]},"1":{"loc":{"start":{"line":14,"column":20},"end":{"line":14,"column":39}},"type":"binary-expr","locations":[{"start":{"line":14,"column":20},"end":{"line":14,"column":24}},{"start":{"line":14,"column":28},"end":{"line":14,"column":39}}]}},"s":{"0":1,"1":23,"2":6,"3":2,"4":4,"5":6,"6":6,"7":19,"8":18,"9":18,"10":0,"11":0,"12":5,"13":5,"14":0,"15":0,"16":1},"f":{"0":23,"1":6,"2":6,"3":19,"4":18,"5":5},"b":{"0":[2],"1":[6,2]}}
,"/Users/terje/repos/markdown-viewer/src/syntax-highlighter.ts": {"path":"/Users/terje/repos/markdown-viewer/src/syntax-highlighter.ts","statementMap":{"0":{"start":{"line":1,"column":0},"end":{"line":1,"column":28}},"1":{"start":{"line":4,"column":43},"end":{"line":4,"column":52}},"2":{"start":{"line":8,"column":8},"end":{"line":8,"column":43}},"3":{"start":{"line":9,"column":8},"end":{"line":9,"column":40}},"4":{"start":{"line":10,"column":8},"end":{"line":10,"column":42}},"5":{"start":{"line":11,"column":8},"end":{"line":11,"column":47}},"6":{"start":{"line":15,"column":8},"end":{"line":17,"column":9}},"7":{"start":{"line":16,"column":12},"end":{"line":16,"column":19}},"8":{"start":{"line":21,"column":35},"end":{"line":24,"column":10}},"9":{"start":{"line":26,"column":8},"end":{"line":46,"column":9}},"10":{"start":{"line":27,"column":12},"end":{"line":43,"column":13}},"11":{"start":{"line":29,"column":31},"end":{"line":29,"column":63}},"12":{"start":{"line":30,"column":16},"end":{"line":30,"column":111}},"13":{"start":{"line":31,"column":16},"end":{"line":33,"column":18}},"14":{"start":{"line":32,"column":20},"end":{"line":32,"column":55}},"15":{"start":{"line":34,"column":16},"end":{"line":36,"column":18}},"16":{"start":{"line":35,"column":20},"end":{"line":35,"column":72}},"17":{"start":{"line":37,"column":16},"end":{"line":37,"column":50}},"18":{"start":{"line":40,"column":16},"end":{"line":40,"column":71}},"19":{"start":{"line":40,"column":45},"end":{"line":40,"column":69}},"20":{"start":{"line":42,"column":16},"end":{"line":42,"column":77}},"21":{"start":{"line":45,"column":12},"end":{"line":45,"column":87}},"22":{"start":{"line":50,"column":8},"end":{"line":52,"column":9}},"23":{"start":{"line":51,"column":12},"end":{"line":51,"column":19}},"24":{"start":{"line":54,"column":28},"end":{"line":54,"column":50}},"25":{"start":{"line":55,"column":26},"end":{"line":55,"column":47}},"26":{"start":{"line":56,"column":30},"end":{"line":56,"column":63}},"27":{"start":{"line":58,"column":8},"end":{"line":65,"column":9}},"28":{"start":{"line":59,"column":29},"end":{"line":59,"column":45}},"29":{"start":{"line":60,"column":12},"end":{"line":60,"column":46}},"30":{"start":{"line":62,"column":12},"end":{"line":64,"column":13}},"31":{"start":{"line":63,"column":16},"end":{"line":63,"column":52}},"32":{"start":{"line":69,"column":29},"end":{"line":69,"column":87}},"33":{"start":{"line":71,"column":8},"end":{"line":73,"column":9}},"34":{"start":{"line":72,"column":12},"end":{"line":72,"column":53}},"35":{"start":{"line":77,"column":8},"end":{"line":79,"column":9}},"36":{"start":{"line":78,"column":12},"end":{"line":78,"column":24}},"37":{"start":{"line":81,"column":24},"end":{"line":81,"column":49}},"38":{"start":{"line":82,"column":8},"end":{"line":84,"column":9}},"39":{"start":{"line":83,"column":12},"end":{"line":83,"column":24}},"40":{"start":{"line":86,"column":8},"end":{"line":86,"column":56}},"41":{"start":{"line":3,"column":0},"end":{"line":3,"column":13}}},"fnMap":{"0":{"name":"(anonymous_1)","decl":{"start":{"line":6,"column":4},"end":{"line":6,"column":null}},"loc":{"start":{"line":6,"column":4},"end":{"line":12,"column":5}}},"1":{"name":"(anonymous_2)","decl":{"start":{"line":14,"column":4},"end":{"line":14,"column":9}},"loc":{"start":{"line":14,"column":39},"end":{"line":47,"column":5}}},"2":{"name":"(anonymous_3)","decl":{"start":{"line":31,"column":32},"end":{"line":31,"column":35}},"loc":{"start":{"line":31,"column":37},"end":{"line":33,"column":17}}},"3":{"name":"(anonymous_4)","decl":{"start":{"line":34,"column":33},"end":{"line":34,"column":36}},"loc":{"start":{"line":34,"column":38},"end":{"line":36,"column":17}}},"4":{"name":"(anonymous_5)","decl":{"start":{"line":40,"column":34},"end":{"line":40,"column":41}},"loc":{"start":{"line":40,"column":45},"end":{"line":40,"column":69}}},"5":{"name":"(anonymous_6)","decl":{"start":{"line":49,"column":4},"end":{"line":49,"column":9}},"loc":{"start":{"line":49,"column":43},"end":{"line":66,"column":5}}},"6":{"name":"(anonymous_7)","decl":{"start":{"line":68,"column":4},"end":{"line":68,"column":9}},"loc":{"start":{"line":68,"column":52},"end":{"line":74,"column":5}}},"7":{"name":"(anonymous_8)","decl":{"start":{"line":76,"column":4},"end":{"line":76,"column":17}},"loc":{"start":{"line":76,"column":48},"end":{"line":87,"column":5}}}},"branchMap":{"0":{"loc":{"start":{"line":15,"column":8},"end":{"line":17,"column":9}},"type":"if","locations":[{"start":{"line":15,"column":8},"end":{"line":17,"column":9}}]},"1":{"loc":{"start":{"line":26,"column":8},"end":{"line":46,"column":9}},"type":"if","locations":[{"start":{"line":26,"column":8},"end":{"line":46,"column":9}},{"start":{"line":44,"column":15},"end":{"line":46,"column":9}}]},"2":{"loc":{"start":{"line":50,"column":8},"end":{"line":52,"column":9}},"type":"if","locations":[{"start":{"line":50,"column":8},"end":{"line":52,"column":9}}]},"3":{"loc":{"start":{"line":58,"column":8},"end":{"line":65,"column":9}},"type":"if","locations":[{"start":{"line":58,"column":8},"end":{"line":65,"column":9}}]},"4":{"loc":{"start":{"line":62,"column":12},"end":{"line":64,"column":13}},"type":"if","locations":[{"start":{"line":62,"column":12},"end":{"line":64,"column":13}}]},"5":{"loc":{"start":{"line":77,"column":8},"end":{"line":79,"column":9}},"type":"if","locations":[{"start":{"line":77,"column":8},"end":{"line":79,"column":9}}]},"6":{"loc":{"start":{"line":82,"column":8},"end":{"line":84,"column":9}},"type":"if","locations":[{"start":{"line":82,"column":8},"end":{"line":84,"column":9}}]}},"s":{"0":1,"1":16,"2":16,"3":16,"4":16,"5":16,"6":7,"7":2,"8":5,"9":5,"10":4,"11":4,"12":3,"13":3,"14":2,"15":3,"16":1,"17":3,"18":3,"19":3,"20":1,"21":1,"22":4,"23":1,"24":3,"25":3,"26":3,"27":3,"28":2,"29":2,"30":2,"31":2,"32":2,"33":2,"34":2,"35":4,"36":1,"37":3,"38":3,"39":1,"40":2,"41":1},"f":{"0":16,"1":7,"2":2,"3":1,"4":3,"5":4,"6":2,"7":4},"b":{"0":[2],"1":[4,1],"2":[1],"3":[2],"4":[2],"5":[1],"6":[1]}}
}
