TN:
SF:src/file-manager.ts
FN:4,(anonymous_0)
FN:19,(anonymous_1)
FN:30,(anonymous_2)
FN:39,(anonymous_3)
FN:47,(anonymous_4)
FN:51,(anonymous_5)
FNF:6
FNH:6
FNDA:3,(anonymous_0)
FNDA:3,(anonymous_1)
FNDA:3,(anonymous_2)
FNDA:2,(anonymous_3)
FNDA:10,(anonymous_4)
FNDA:3,(anonymous_5)
DA:3,1
DA:5,3
DA:6,3
DA:7,3
DA:9,3
DA:10,2
DA:11,2
DA:13,1
DA:14,1
DA:15,1
DA:20,3
DA:21,3
DA:22,3
DA:23,2
DA:25,1
DA:26,1
DA:31,3
DA:32,3
DA:34,1
DA:35,1
DA:40,2
DA:41,2
DA:43,1
DA:48,10
DA:52,3
LF:25
LH:25
BRDA:48,0,0,10
BRDA:48,0,1,3
BRF:2
BRH:2
end_of_record
TN:
SF:src/main.ts
FN:18,(anonymous_0)
FN:41,(anonymous_1)
FN:48,(anonymous_2)
FN:51,(anonymous_3)
FN:57,(anonymous_4)
FN:78,(anonymous_5)
FN:90,(anonymous_6)
FN:110,(anonymous_7)
FN:135,(anonymous_8)
FN:154,(anonymous_9)
FN:162,(anonymous_10)
FN:171,(anonymous_11)
FN:179,(anonymous_12)
FN:185,(anonymous_13)
FN:196,(anonymous_14)
FN:201,(anonymous_15)
FN:211,(anonymous_16)
FN:219,(anonymous_17)
FNF:18
FNH:0
FNDA:0,(anonymous_0)
FNDA:0,(anonymous_1)
FNDA:0,(anonymous_2)
FNDA:0,(anonymous_3)
FNDA:0,(anonymous_4)
FNDA:0,(anonymous_5)
FNDA:0,(anonymous_6)
FNDA:0,(anonymous_7)
FNDA:0,(anonymous_8)
FNDA:0,(anonymous_9)
FNDA:0,(anonymous_10)
FNDA:0,(anonymous_11)
FNDA:0,(anonymous_12)
FNDA:0,(anonymous_13)
FNDA:0,(anonymous_14)
FNDA:0,(anonymous_15)
FNDA:0,(anonymous_16)
FNDA:0,(anonymous_17)
DA:1,0
DA:2,0
DA:3,0
DA:19,0
DA:20,0
DA:21,0
DA:22,0
DA:24,0
DA:36,0
DA:37,0
DA:38,0
DA:42,0
DA:43,0
DA:44,0
DA:45,0
DA:49,0
DA:50,0
DA:51,0
DA:52,0
DA:53,0
DA:57,0
DA:58,0
DA:59,0
DA:60,0
DA:62,0
DA:63,0
DA:64,0
DA:65,0
DA:68,0
DA:69,0
DA:70,0
DA:75,0
DA:79,0
DA:80,0
DA:81,0
DA:82,0
DA:83,0
DA:86,0
DA:91,0
DA:92,0
DA:93,0
DA:94,0
DA:95,0
DA:97,0
DA:98,0
DA:99,0
DA:100,0
DA:103,0
DA:106,0
DA:111,0
DA:113,0
DA:114,0
DA:115,0
DA:117,0
DA:118,0
DA:120,0
DA:121,0
DA:124,0
DA:125,0
DA:127,0
DA:131,0
DA:136,0
DA:137,0
DA:138,0
DA:141,0
DA:142,0
DA:145,0
DA:148,0
DA:151,0
DA:155,0
DA:156,0
DA:159,0
DA:163,0
DA:172,0
DA:180,0
DA:181,0
DA:186,0
DA:187,0
DA:188,0
DA:193,0
DA:197,0
DA:198,0
DA:199,0
DA:201,0
DA:202,0
DA:209,0
DA:211,0
DA:212,0
DA:213,0
DA:217,0
DA:218,0
DA:219,0
DA:220,0
DA:221,0
DA:224,0
DA:225,0
LF:96
LH:0
BRDA:58,0,0,0
BRDA:58,1,0,0
BRDA:58,1,1,0
BRDA:58,1,2,0
BRDA:62,2,0,0
BRDA:64,3,0,0
BRDA:68,4,0,0
BRDA:68,5,0,0
BRDA:68,5,1,0
BRDA:81,6,0,0
BRDA:81,7,0,0
BRDA:81,7,1,0
BRDA:81,7,2,0
BRDA:95,8,0,0
BRDA:98,9,0,0
BRDA:136,10,0,0
BRDA:180,11,0,0
BRDA:198,12,0,0
BRDA:217,13,0,0
BRDA:217,13,1,0
BRF:20
BRH:0
end_of_record
TN:
SF:src/markdown-renderer.ts
FN:6,(anonymous_1)
FN:12,(anonymous_2)
FN:22,(anonymous_3)
FN:30,(anonymous_4)
FN:33,(anonymous_5)
FN:42,(anonymous_6)
FNF:6
FNH:6
FNDA:23,(anonymous_1)
FNDA:6,(anonymous_2)
FNDA:6,(anonymous_3)
FNDA:19,(anonymous_4)
FNDA:18,(anonymous_5)
FNDA:5,(anonymous_6)
DA:1,1
DA:3,1
DA:7,23
DA:14,6
DA:15,2
DA:17,4
DA:23,6
DA:30,19
DA:34,18
DA:35,18
DA:37,0
DA:38,0
DA:43,5
DA:44,5
DA:46,0
DA:47,0
LF:16
LH:12
BRDA:14,0,0,2
BRDA:14,1,0,6
BRDA:14,1,1,2
BRF:3
BRH:3
end_of_record
TN:
SF:src/syntax-highlighter.ts
FN:6,(anonymous_1)
FN:14,(anonymous_2)
FN:31,(anonymous_3)
FN:34,(anonymous_4)
FN:40,(anonymous_5)
FN:49,(anonymous_6)
FN:68,(anonymous_7)
FN:76,(anonymous_8)
FNF:8
FNH:8
FNDA:16,(anonymous_1)
FNDA:7,(anonymous_2)
FNDA:2,(anonymous_3)
FNDA:1,(anonymous_4)
FNDA:3,(anonymous_5)
FNDA:4,(anonymous_6)
FNDA:2,(anonymous_7)
FNDA:4,(anonymous_8)
DA:1,1
DA:3,1
DA:4,16
DA:8,16
DA:9,16
DA:10,16
DA:11,16
DA:15,7
DA:16,2
DA:21,5
DA:26,5
DA:27,4
DA:29,4
DA:30,3
DA:31,3
DA:32,2
DA:34,3
DA:35,1
DA:37,3
DA:40,3
DA:42,1
DA:45,1
DA:50,4
DA:51,1
DA:54,3
DA:55,3
DA:56,3
DA:58,3
DA:59,2
DA:60,2
DA:62,2
DA:63,2
DA:69,2
DA:71,2
DA:72,2
DA:77,4
DA:78,1
DA:81,3
DA:82,3
DA:83,1
DA:86,2
LF:41
LH:41
BRDA:15,0,0,2
BRDA:26,1,0,4
BRDA:26,1,1,1
BRDA:50,2,0,1
BRDA:58,3,0,2
BRDA:62,4,0,2
BRDA:77,5,0,1
BRDA:82,6,0,1
BRF:8
BRH:8
end_of_record
